[17:46:26] [ServerMain/INFO]: Environment: authHost='https://authserver.mojang.com', accountsHost='https://api.mojang.com', sessionHost='https://sessionserver.mojang.com', servicesHost='https://api.minecraftservices.com', name='PROD'
[17:46:27] [Worker-Main-1/INFO]: Loaded 7 recipes
[17:46:28] [Server thread/INFO]: Starting minecraft server version 1.18.2
[17:46:28] [Server thread/INFO]: Loading properties
[17:46:29] [Server thread/INFO]: This server is running Paper version git-Paper-388 (MC: 1.18.2) (Implementing API version 1.18.2-R0.1-SNAPSHOT) (Git: fc9ee65 on ver/1.18.2)
[17:46:29] [Server thread/INFO]: Server Ping Player Sample Count: 12
[17:46:29] [Server thread/INFO]: Using 4 threads for Netty based IO
[17:46:29] [Server thread/INFO]: Default game type: SURVIVAL
[17:46:29] [Server thread/INFO]: Generating keypair
[17:46:29] [Server thread/INFO]: Starting Minecraft server on *:25565
[17:46:29] [Server thread/INFO]: Using epoll channel type
[17:46:29] [Server thread/INFO]: Paper: Using libdeflate (Linux x86_64) compression from Velocity.
[17:46:29] [Server thread/INFO]: Paper: Using OpenSSL 1.1.x (Linux x86_64) cipher from Velocity.
[17:46:29] [Server thread/INFO]: Server permissions file permissions.yml is empty, ignoring it
[17:46:29] [Server thread/WARN]: **** SERVER IS RUNNING IN OFFLINE/INSECURE MODE!
[17:46:29] [Server thread/WARN]: The server will make no attempt to authenticate usernames. Beware.
[17:46:29] [Server thread/WARN]: While this makes the game possible to play without internet access, it also opens up the ability for hackers to connect with any username they choose.
[17:46:29] [Server thread/WARN]: To change this, set "online-mode" to "true" in the server.properties file.
[17:46:29] [Server thread/INFO]: Preparing level "world"
[17:46:33] [Server thread/INFO]: Preparing start region for dimension minecraft:overworld
[17:46:34] [Server thread/INFO]: Time elapsed: 356 ms
[17:46:34] [Server thread/INFO]: Preparing start region for dimension minecraft:the_nether
[17:46:34] [Server thread/INFO]: Time elapsed: 185 ms
[17:46:34] [Server thread/INFO]: Preparing start region for dimension minecraft:the_end
[17:46:34] [Server thread/INFO]: Time elapsed: 266 ms
[17:46:34] [Server thread/INFO]: Running delayed init tasks
[17:46:34] [Server thread/INFO]: Done (5.803s)! For help, type "help"
[17:46:34] [Server thread/INFO]: Timings Reset
[17:48:46] [User Authenticator #1/INFO]: UUID of player xkyz is 392b1923-cb84-32f4-b617-02ea7a1b7e0b
[17:48:46] [Server thread/INFO]: xkyz joined the game
[17:48:46] [Server thread/INFO]: xkyz[/127.83.162.36:57229] logged in with entity id 208 at ([world]52.09775106380199, 107.0, 28.30212066130461)
[17:48:54] [Server thread/INFO]: xkyz issued server command: /plugins
[18:16:30] [Server thread/INFO]: xkyz issued server command: /skin
[18:19:52] [Server thread/INFO]: Made xkyz a server operator
[18:20:03] [Server thread/INFO]: xkyz issued server command: /reload
[18:20:03] [Server thread/INFO]: xkyz: Are you sure you wish to reload your server? Doing so may cause bugs and memory leaks. It is recommended to restart instead of using /reload. To confirm, please type /reload confirm
[18:20:14] [Server thread/INFO]: xkyz issued server command: /reload confirm
[18:20:14] [Server thread/INFO]: xkyz: Please note that this command is not supported and may cause issues when using some plugins.
[18:20:14] [Server thread/INFO]: xkyz: If you encounter any issues please use the /stop command to restart your server.
[18:20:14] [Server thread/INFO]: Server Ping Player Sample Count: 12
[18:20:14] [Server thread/INFO]: Using 4 threads for Netty based IO
[18:20:14] [Server thread/INFO]: Loaded 7 recipes
[18:20:14] [Server thread/INFO]: Server permissions file permissions.yml is empty, ignoring it
[18:20:14] [Server thread/INFO]: xkyz: Reload complete.
[18:20:14] [Server thread/INFO]: Timings Reset
[18:20:21] [Server thread/INFO]: xkyz issued server command: /plugins
[18:20:28] [Server thread/INFO]: xkyz has made the advancement [Stone Age]
[18:22:29] [Server thread/INFO]: xkyz issued server command: /reload comfirm
[18:22:29] [Server thread/INFO]: xkyz: Usage: /reload [permissions|commands|confirm]
[18:22:41] [Server thread/INFO]: xkyz issued server command: /reload confirm
[18:22:41] [Server thread/INFO]: xkyz: Please note that this command is not supported and may cause issues when using some plugins.
[18:22:41] [Server thread/INFO]: xkyz: If you encounter any issues please use the /stop command to restart your server.
[18:22:41] [Server thread/INFO]: Server Ping Player Sample Count: 12
[18:22:41] [Server thread/INFO]: Using 4 threads for Netty based IO
[18:22:41] [Server thread/INFO]: Loaded 7 recipes
[18:22:41] [Server thread/INFO]: [SkinsRestorer] Loading SkinsRestorer v15.6.0
[18:22:41] [Server thread/INFO]: Server permissions file permissions.yml is empty, ignoring it
[18:22:41] [Server thread/INFO]: [SkinsRestorer] Enabling SkinsRestorer v15.6.0
[18:22:42] [Server thread/WARN]: [33;1m[[32;22mSkinsRestorer[33;1m] [0;39m[33;1mYou must agree to the rules at 'commands.perSkinPermissionsConsent' in the config to use per skin permissions.[0;39m
[18:22:42] [Server thread/INFO]: [33;1m[[32;22mSkinsRestorer[33;1m] [0;39m[32;1mRunning on Minecraft [33;1m1.18.2[32;1m.[0;39m
[18:22:42] [Server thread/INFO]: [33;1m[[32;22mSkinsRestorer[33;1m] [0;39mUsing paper join listener![0;39m
[18:22:42] [Server thread/WARN]: [33;1m[[32;22mSkinsRestorer[33;1m] [0;39m[33;1m[33;1mPlease update your Java runtime to at least Java 21 (your version is 17).[0;39m
[18:22:42] [Server thread/WARN]: [33;1m[[32;22mSkinsRestorer[33;1m] [0;39m[33;1m[33;1mAt some point in the future, SkinsRestorer will no longer be compatible with this version of Java.[0;39m
[18:22:42] [Server thread/INFO]: xkyz: Reload complete.
[18:22:42] [Server thread/INFO]: Timings Reset
[18:22:42] [Craft Scheduler Thread - 6 - SkinsRestorer/INFO]: [33;1m[[32;22mSkinsRestorer[33;1m] [0;39m[32;1m----------------------------------------------[0;39m
[18:22:42] [Craft Scheduler Thread - 6 - SkinsRestorer/INFO]: [33;1m[[32;22mSkinsRestorer[33;1m] [0;39m[32;1m    +==================+[0;39m
[18:22:42] [Craft Scheduler Thread - 6 - SkinsRestorer/INFO]: [33;1m[[32;22mSkinsRestorer[33;1m] [0;39m[32;1m    |   SkinsRestorer  |[0;39m
[18:22:42] [Craft Scheduler Thread - 6 - SkinsRestorer/INFO]: [33;1m[[32;22mSkinsRestorer[33;1m] [0;39m[32;1m    |------------------|[0;39m
[18:22:42] [Craft Scheduler Thread - 6 - SkinsRestorer/INFO]: [33;1m[[32;22mSkinsRestorer[33;1m] [0;39m[32;1m    |  [34;1m[4m[21mStandalone Mode[0;39m[32;1m |[0;39m
[18:22:42] [Craft Scheduler Thread - 6 - SkinsRestorer/INFO]: [33;1m[[32;22mSkinsRestorer[33;1m] [0;39m[32;1m    +==================+[0;39m
[18:22:42] [Craft Scheduler Thread - 6 - SkinsRestorer/INFO]: [33;1m[[32;22mSkinsRestorer[33;1m] [0;39m[32;1m----------------------------------------------[0;39m
[18:22:42] [Craft Scheduler Thread - 6 - SkinsRestorer/INFO]: [33;1m[[32;22mSkinsRestorer[33;1m] [0;39m[36;1m    Version: [32;1m15.6.0[0;39m
[18:22:42] [Craft Scheduler Thread - 6 - SkinsRestorer/INFO]: [33;1m[[32;22mSkinsRestorer[33;1m] [0;39m[36;1m    Commit: [32;1mdec2ffc[0;39m
[18:22:42] [Craft Scheduler Thread - 6 - SkinsRestorer/INFO]: [33;1m[[32;22mSkinsRestorer[33;1m] [0;39m[32;1m    This is the latest version![0;39m
[18:22:42] [Craft Scheduler Thread - 6 - SkinsRestorer/INFO]: [33;1m[[32;22mSkinsRestorer[33;1m] [0;39m[32;1m----------------------------------------------[0;39m
[18:22:42] [Craft Scheduler Thread - 6 - SkinsRestorer/INFO]: [33;1m[[32;22mSkinsRestorer[33;1m] [0;39m[34;1mDo you have issues? Read our troubleshooting guide: [33;1mhttps://skinsrestorer.net/docs/troubleshooting[0;39m
[18:22:42] [Craft Scheduler Thread - 6 - SkinsRestorer/INFO]: [33;1m[[32;22mSkinsRestorer[33;1m] [0;39m[34;1mWant to support SkinsRestorer? Consider donating: [33;1mhttps://skinsrestorer.net/donate[0;39m
[18:22:46] [Server thread/INFO]: xkyz issued server command: /pl
[18:23:02] [Server thread/INFO]: xkyz issued server command: /skin xkyz
[18:23:10] [Server thread/INFO]: xkyz has made the advancement [Stone Age]
[18:23:54] [Server thread/INFO]: xkyz was slain by Zombie
[18:24:35] [Server thread/INFO]: xkyz lost connection: Disconnected
[18:24:35] [Server thread/INFO]: xkyz left the game
[18:24:45] [Server thread/INFO]: Stopping the server
[18:24:45] [Server thread/INFO]: Stopping server
[18:24:45] [Server thread/INFO]: [SkinsRestorer] Disabling SkinsRestorer v15.6.0
[18:24:45] [Server thread/INFO]: Saving players
[18:24:45] [Server thread/INFO]: Saving worlds
[18:24:45] [Server thread/INFO]: Saving chunks for level 'ServerLevel[world]'/minecraft:overworld
[18:24:48] [Server thread/INFO]: Saving chunks for level 'ServerLevel[world_nether]'/minecraft:the_nether
[18:24:48] [Server thread/INFO]: Saving chunks for level 'ServerLevel[world_the_end]'/minecraft:the_end
[18:24:48] [Server thread/INFO]: ThreadedAnvilChunkStorage (world): All chunks are saved
[18:24:48] [Server thread/INFO]: ThreadedAnvilChunkStorage (DIM-1): All chunks are saved
[18:24:48] [Server thread/INFO]: ThreadedAnvilChunkStorage (DIM1): All chunks are saved
[18:24:48] [Server thread/INFO]: ThreadedAnvilChunkStorage: All dimensions are saved
[18:24:48] [Server thread/INFO]: Flushing Chunk IO
[18:24:48] [Server thread/INFO]: Closing Thread Pool
[18:24:48] [Server thread/INFO]: Closing Server
